============================= test session starts ==============================
platform linux -- Python 3.12.3, pytest-9.1.0, pluggy-1.6.0
rootdir: /home/diegoagd10/Projects/ai-harness
configfile: pyproject.toml
testpaths: tests
plugins: cov-7.1.0
collected 1153 items

tests/test_change.py ................................................    [  4%]
tests/test_change_approvals.py ......................                    [  6%]
tests/test_change_config.py ..................                           [  7%]
tests/test_change_continuation.py ........                               [  8%]
tests/test_change_flow_internals.py ...................................  [ 11%]
tests/test_change_slice_status.py ..................                     [ 12%]
tests/test_change_sliced_archive.py ........                             [ 13%]
tests/test_change_task_slice.py .....................                    [ 15%]
tests/test_commit_format_resolver.py .....                               [ 15%]
tests/test_init.py .................................                     [ 18%]
tests/test_install.py .................................................. [ 23%]
..................                                                       [ 24%]
tests/test_receipts_archive.py ..........                                [ 25%]
tests/test_receipts_candidate.py ..........                              [ 26%]
tests/test_receipts_cli.py .......                                       [ 26%]
tests/test_receipts_codec.py ...........                                 [ 27%]
tests/test_receipts_executor.py ...........                              [ 28%]
tests/test_receipts_routing.py ..                                        [ 29%]
tests/test_receipts_seal.py .......................                      [ 31%]
tests/test_receipts_store.py .............                               [ 32%]
tests/test_receipts_verify.py ....................                       [ 33%]
tests/test_renderers.py ................................................ [ 38%]
........................................................................ [ 44%]
........................................................................ [ 50%]
.................................................................        [ 56%]
tests/test_review_transaction_contract.py .............................. [ 58%]
........................................................................ [ 65%]
........................................................................ [ 71%]
........................................................................ [ 77%]
..                                                                       [ 77%]
tests/test_set_models.py ............................................... [ 81%]
........................................................................ [ 88%]
........................................................................ [ 94%]
.........                                                                [ 95%]
tests/test_tasks.py ................                                     [ 96%]
tests/test_worktree.py .........................................         [100%]

============================ 1153 passed in 14.44s =============================
