[0;34m[BUILD][0m Building image from e2e/Dockerfile
[0;34m[BUILD][0m Image tag: ai-harness-e2e:local
[0;34m[BUILD][0m Project root: /home/diegoagd10/Projects/ai-harness
#0 building with "default" instance using docker driver

#1 [internal] load build definition from Dockerfile
#1 transferring dockerfile: 1.57kB done
#1 DONE 0.0s

#2 resolve image config for docker-image://docker.io/docker/dockerfile:1.7
#2 DONE 0.5s

#3 docker-image://docker.io/docker/dockerfile:1.7@sha256:a57df69d0ea827fb7266491f2813635de6f17269be881f696fbfdf2d83dda33e
#3 resolve docker.io/docker/dockerfile:1.7@sha256:a57df69d0ea827fb7266491f2813635de6f17269be881f696fbfdf2d83dda33e 0.0s done
#3 CACHED

#4 [internal] load metadata for docker.io/library/ubuntu:24.04
#4 DONE 0.3s

#5 [internal] load .dockerignore
#5 transferring context: 122B done
#5 DONE 0.0s

#6 [1/7] FROM docker.io/library/ubuntu:24.04@sha256:4fbb8e6a8395de5a7550b33509421a2bafbc0aab6c06ba2cef9ebffbc7092d90
#6 resolve docker.io/library/ubuntu:24.04@sha256:4fbb8e6a8395de5a7550b33509421a2bafbc0aab6c06ba2cef9ebffbc7092d90 0.0s done
#6 DONE 0.0s

#7 [internal] load build context
#7 transferring context: 1.14MB 0.0s done
#7 DONE 0.1s

#8 [2/7] RUN apt-get update && apt-get install -y --no-install-recommends     bash     curl     jq     python3     python3-venv     ca-certificates     && rm -rf /var/lib/apt/lists/*
#8 CACHED

#9 [3/7] RUN curl -LsSf https://astral.sh/uv/install.sh | sh
#9 CACHED

#10 [4/7] COPY . /build
#10 DONE 0.1s

#11 [5/7] RUN chmod +x /build/e2e/e2e_test.sh /build/e2e/lib.sh
#11 DONE 0.2s

#12 [6/7] WORKDIR /build
#12 DONE 0.0s

#13 [7/7] RUN uv tool install . --python python3
#13 49.94 error: Request failed after 3 retries in 49.7s
#13 49.94   Caused by: Failed to fetch: `https://pypi.org/simple/pyyaml/`
#13 49.94   Caused by: error sending request for url (https://pypi.org/simple/pyyaml/)
#13 49.94   Caused by: client error (Connect)
#13 49.94   Caused by: operation timed out
#13 ERROR: process "/bin/sh -c uv tool install . --python python3" did not complete successfully: exit code: 2
------
 > [7/7] RUN uv tool install . --python python3:
49.94 error: Request failed after 3 retries in 49.7s
49.94   Caused by: Failed to fetch: `https://pypi.org/simple/pyyaml/`
49.94   Caused by: error sending request for url (https://pypi.org/simple/pyyaml/)
49.94   Caused by: client error (Connect)
49.94   Caused by: operation timed out
------
ERROR: failed to build: failed to solve: process "/bin/sh -c uv tool install . --python python3" did not complete successfully: exit code: 2
[0;31m[BUILD][0m Build FAILED
