************* Module tests.test_receipts_candidate
tests/test_receipts_candidate.py:1:0: R0801: Similar lines in 2 files
==tests.test_review_transaction_storage_hardening:[57:109]
==tests.test_review_transaction_storage_load:[81:132]
    tx_id = contract.id_for(transaction)
    finding = Finding(
        schema_name="ai-harness.review-finding",  # type: ignore[arg-type]
        schema_version=1,  # type: ignore[arg-type]
        review_transaction_id=tx_id,
        lens="correctness",
        severity="warning",
        summary="summary",
        detail="detail",
        paths=(),
        status="open",  # type: ignore[arg-type]
    )
    correction = CorrectionFact(
        schema_name="ai-harness.review-correction-fact",  # type: ignore[arg-type]
        schema_version=1,  # type: ignore[arg-type]
        review_transaction_id=tx_id,
        resolved_finding_ids=(contract.id_for(finding),),
        candidate_before=transaction.candidate_id,
        candidate_after=CANDIDATE_AFTER,
        changed_paths=("src/a.py",),
        loc_added=1,
        loc_deleted=1,
        loc_actual=2,
    )
    transition = FindingTransition(
        schema_name="ai-harness.review-finding-transition",  # type: ignore[arg-type]
        schema_version=1,  # type: ignore[arg-type]
        review_transaction_id=tx_id,
        finding_id=contract.id_for(finding),
        from_status="open",
        to_status="resolved",
        correction_fact_id=contract.id_for(correction),
    )
    graph = ReviewTransactionGraph(
        lens_selection=selection,
        transaction=transaction,
        findings=(finding,),
        transitions=(transition,),
        correction_fact=correction,
    )
    ids = [
        contract.id_for(selection),
        contract.id_for(transaction),
        contract.id_for(finding),
        contract.id_for(transition),
        contract.id_for(correction),
    ]
    return graph, ids


@pytest.fixture
def change_root(tmp_path: Path) -> Path: (duplicate-code)
tests/test_receipts_candidate.py:1:0: R0801: Similar lines in 2 files
==tests.test_review_transaction_storage_hardening:[365:386]
==tests.test_review_transaction_storage_load:[134:155]
    tx_id = contract.id_for(transaction)
    finding = Finding(
        schema_name="ai-harness.review-finding",  # type: ignore[arg-type]
        schema_version=1,  # type: ignore[arg-type]
        review_transaction_id=tx_id,
        lens="correctness",
        severity="warning",
        summary="summary",
        detail="detail",
        paths=(),
        status="open",  # type: ignore[arg-type]
    )
    transition = FindingTransition(
        schema_name="ai-harness.review-finding-transition",  # type: ignore[arg-type]
        schema_version=1,  # type: ignore[arg-type]
        review_transaction_id=tx_id,
        finding_id=contract.id_for(finding),
        from_status="open",
        to_status="accepted",
        correction_fact_id=None,
    ) (duplicate-code)
tests/test_receipts_candidate.py:1:0: R0801: Similar lines in 2 files
==tests.test_review_transaction_storage_load:[48:79]
==tests.test_review_transaction_storage_publish:[47:75]
CHANGE_NAME: str = "test-change"
CANDIDATE_BEFORE: str = "sha256:" + ("c" * 64)
CANDIDATE_AFTER: str = "sha256:" + ("d" * 64)


# ---------------------------------------------------------------------------
# Helpers — build complete graphs under deterministic IDs
# ---------------------------------------------------------------------------


def _make_selection(contract: ReviewContractV1) -> LensSelection:
    return contract.select_lenses(policy=LENS_POLICY_NAME, risk_level="high")


def _make_transaction(contract: ReviewContractV1, selection: LensSelection) -> ReviewTransaction:
    return ReviewTransaction(
        schema_name="ai-harness.review-transaction",  # type: ignore[arg-type]
        schema_version=1,  # type: ignore[arg-type]
        change_name=CHANGE_NAME,
        candidate_id=CANDIDATE_BEFORE,
        lens_selection_id=contract.id_for(selection),
        scope_paths=("src",),
        loc_budget=20,
    )


def _make_finding(contract: ReviewContractV1, tx_id: ReviewTransactionId, *, lens: str) -> Finding:
 (duplicate-code)
tests/test_receipts_candidate.py:1:0: R0801: Similar lines in 2 files
==tests.test_review_transaction_storage:[627:644]
==tests.test_review_transaction_storage_load:[406:423]
    contract = ReviewContractV1()
    selection = _make_selection(contract)
    transaction = _make_transaction(contract, selection)
    contract.validate_transaction(
        transaction,
        lens_selection=selection,
        findings=(),
        transitions=(),
        correction_fact=None,
    )
    graph = ReviewTransactionGraph(
        lens_selection=selection,
        transaction=transaction,
        findings=(),
        transitions=(),
        correction_fact=None,
    ) (duplicate-code)
tests/test_receipts_candidate.py:1:0: R0801: Similar lines in 2 files
==tests.test_review_transaction_storage_hardening:[57:69]
==tests.test_review_transaction_storage_load:[134:146]
    tx_id = contract.id_for(transaction)
    finding = Finding(
        schema_name="ai-harness.review-finding",  # type: ignore[arg-type]
        schema_version=1,  # type: ignore[arg-type]
        review_transaction_id=tx_id,
        lens="correctness",
        severity="warning",
        summary="summary",
        detail="detail",
        paths=(),
        status="open",  # type: ignore[arg-type]
    ) (duplicate-code)
tests/test_receipts_candidate.py:1:0: R0801: Similar lines in 2 files
==tests.test_review_transaction_storage_hardening:[365:377]
==tests.test_review_transaction_storage_load:[81:93]
    tx_id = contract.id_for(transaction)
    finding = Finding(
        schema_name="ai-harness.review-finding",  # type: ignore[arg-type]
        schema_version=1,  # type: ignore[arg-type]
        review_transaction_id=tx_id,
        lens="correctness",
        severity="warning",
        summary="summary",
        detail="detail",
        paths=(),
        status="open",  # type: ignore[arg-type]
    ) (duplicate-code)
tests/test_receipts_candidate.py:1:0: R0801: Similar lines in 2 files
==tests.test_review_transaction_storage:[75:89]
==tests.test_review_transaction_storage_publish:[64:79]
        schema_version=1,  # type: ignore[arg-type]
        change_name=CHANGE_NAME,
        candidate_id=CANDIDATE_BEFORE,
        lens_selection_id=contract.id_for(selection),
        scope_paths=("src",),
        loc_budget=20,
    )


def _make_finding(contract: ReviewContractV1, tx_id: ReviewTransactionId, *, lens: str) -> Finding:

    return Finding(
        schema_name="ai-harness.review-finding",  # type: ignore[arg-type]
        schema_version=1,  # type: ignore[arg-type]
        review_transaction_id=tx_id, (duplicate-code)
tests/test_receipts_candidate.py:1:0: R0801: Similar lines in 2 files
==ai_harness.modules.harness.review_transaction_storage:[60:77]
==tests.test_review_transaction_storage:[299:314]
    {
        "correction_fact_id",
        "finding_ids",
        "finding_transition_ids",
        "lens_selection_id",
        "review_transaction_id",
        "schema_name",
        "schema_version",
    }
)


# ---------------------------------------------------------------------------
# Public storage failure codes
# ---------------------------------------------------------------------------

 (duplicate-code)
tests/test_receipts_candidate.py:1:0: R0801: Similar lines in 2 files
==tests.test_review_transaction_storage_hardening:[326:354]
==tests.test_review_transaction_storage_load:[409:430]
    contract.validate_transaction(
        transaction,
        lens_selection=selection,
        findings=(),
        transitions=(),
        correction_fact=None,
    )
    graph = ReviewTransactionGraph(
        lens_selection=selection,
        transaction=transaction,
        findings=(),
        transitions=(),
        correction_fact=None,
    )
    root_id = store.publish(graph)

    loaded = store.load(root_id)
    assert loaded == graph
    assert loaded.findings == ()
    assert loaded.transitions == ()
    assert loaded.correction_fact is None (duplicate-code)
tests/test_receipts_candidate.py:1:0: R0801: Similar lines in 2 files
==tests.test_review_transaction_storage:[86:105]
==tests.test_review_transaction_storage_hardening:[59:69]
        schema_name="ai-harness.review-finding",  # type: ignore[arg-type]
        schema_version=1,  # type: ignore[arg-type]
        review_transaction_id=tx_id,
        lens="correctness",
        severity="warning",
        summary="summary",
        detail="detail",
        paths=(),
        status="open",  # type: ignore[arg-type]
    ) (duplicate-code)
tests/test_receipts_candidate.py:1:0: R0801: Similar lines in 2 files
==tests.test_review_transaction_storage:[630:644]
==tests.test_review_transaction_storage_hardening:[326:341]
    contract.validate_transaction(
        transaction,
        lens_selection=selection,
        findings=(),
        transitions=(),
        correction_fact=None,
    )
    graph = ReviewTransactionGraph(
        lens_selection=selection,
        transaction=transaction,
        findings=(),
        transitions=(),
        correction_fact=None,
    ) (duplicate-code)
tests/test_receipts_candidate.py:1:0: R0801: Similar lines in 2 files
==tests.test_review_transaction_storage:[120:129]
==tests.test_review_transaction_storage_publish:[98:107]
    transition = FindingTransition(
        schema_name="ai-harness.review-finding-transition",  # type: ignore[arg-type]
        schema_version=1,  # type: ignore[arg-type]
        review_transaction_id=tx_id,
        finding_id=finding_id,
        from_status="open",
        to_status="resolved",
        correction_fact_id=correction_id,
    ) (duplicate-code)
tests/test_receipts_candidate.py:1:0: R0801: Similar lines in 2 files
==tests.test_review_transaction_storage:[594:603]
==tests.test_review_transaction_storage_load:[256:267]
    payload = {
        "correction_fact_id": None,
        "finding_ids": [],
        "finding_transition_ids": [],
        "lens_selection_id": "sha256:" + "0" * 64,
        "review_transaction_id": "sha256:" + "0" * 64,
        "schema_name": REVIEW_TRANSACTION_ROOT_SCHEMA_NAME,
        "schema_version": 1,
    } (duplicate-code)
tests/test_receipts_candidate.py:1:0: R0801: Similar lines in 2 files
==tests.test_review_transaction_storage_hardening:[49:57]
==tests.test_review_transaction_storage_publish:[63:75]
        schema_name="ai-harness.review-transaction",  # type: ignore[arg-type]
        schema_version=1,  # type: ignore[arg-type]
        change_name=CHANGE_NAME,
        candidate_id=CANDIDATE_BEFORE,
        lens_selection_id=contract.id_for(selection),
        scope_paths=("src",),
        loc_budget=20,
    )


def _make_finding(contract: ReviewContractV1, tx_id: ReviewTransactionId, *, lens: str) -> Finding:
 (duplicate-code)
tests/test_receipts_candidate.py:1:0: R0801: Similar lines in 2 files
==tests.test_review_transaction_storage:[147:160]
==tests.test_review_transaction_storage_publish:[150:170]
    contract.validate_transaction(
        transaction,
        lens_selection=selection,
        findings=(finding,),
        transitions=(transition,),
        correction_fact=correction,
    )
    return contract, selection, transaction, (finding,), (transition,), correction


def _build_graph_value(
    contract: ReviewContractV1,
) -> ReviewTransactionGraph: (duplicate-code)
tests/test_receipts_candidate.py:1:0: R0801: Similar lines in 2 files
==tests.test_review_transaction_storage_hardening:[318:326]
==tests.test_review_transaction_storage_load:[64:79]
        schema_name="ai-harness.review-transaction",  # type: ignore[arg-type]
        schema_version=1,  # type: ignore[arg-type]
        change_name=CHANGE_NAME,
        candidate_id=CANDIDATE_BEFORE,
        lens_selection_id=contract.id_for(selection),
        scope_paths=("src",),
        loc_budget=20,
    ) (duplicate-code)
tests/test_receipts_candidate.py:1:0: R0801: Similar lines in 2 files
==tests.test_review_transaction_storage:[382:390]
==tests.test_review_transaction_storage_load:[256:264]
    payload = {
        "correction_fact_id": None,
        "finding_ids": [],
        "finding_transition_ids": [],
        "lens_selection_id": "sha256:" + "0" * 64,
        "review_transaction_id": "sha256:" + "0" * 64,
        "schema_name": REVIEW_TRANSACTION_ROOT_SCHEMA_NAME,
        "schema_version": 1, (duplicate-code)
tests/test_receipts_candidate.py:1:0: R0801: Similar lines in 2 files
==tests.test_review_transaction_storage_hardening:[382:393]
==tests.test_review_transaction_storage_publish:[180:191]
        from_status="open",
        to_status="accepted",
        correction_fact_id=None,
    )
    contract.validate_transaction(
        transaction,
        lens_selection=selection,
        findings=(finding,),
        transitions=(transition,),
        correction_fact=None,
    ) (duplicate-code)
tests/test_receipts_candidate.py:1:0: R0801: Similar lines in 2 files
==tests.test_review_transaction_storage_hardening:[382:389]
==tests.test_review_transaction_storage_publish:[386:393]
        from_status="open",
        to_status="accepted",
        correction_fact_id=None,
    )
    contract.validate_transaction(
        transaction,
        lens_selection=selection, (duplicate-code)
tests/test_receipts_candidate.py:1:0: R0801: Similar lines in 2 files
==tests.test_review_transaction_storage_load:[79:86]
==tests.test_review_transaction_storage_publish:[526:536]
    selection = _make_selection(contract)
    transaction = _make_transaction(contract, selection)
    tx_id = contract.id_for(transaction)
    finding = Finding(
        schema_name="ai-harness.review-finding",  # type: ignore[arg-type]
        schema_version=1,  # type: ignore[arg-type]
        review_transaction_id=tx_id, (duplicate-code)
tests/test_receipts_candidate.py:1:0: R0801: Similar lines in 2 files
==tests.test_review_transaction_storage:[161:178]
==tests.test_review_transaction_storage_publish:[201:217]
    return ReviewTransactionGraph(
        lens_selection=selection,
        transaction=transaction,
        findings=findings,
        transitions=transitions,
        correction_fact=correction,
    )


# ---------------------------------------------------------------------------
# Public types: shape and validation
# ---------------------------------------------------------------------------


def test_root_id_accepts_canonical_wire_value() -> None:
    """``ReviewTransactionRootId`` accepts a canonical lowercase typed id."""
 (duplicate-code)
tests/test_receipts_candidate.py:1:0: R0801: Similar lines in 2 files
==tests.test_review_transaction_storage_hardening:[80:87]
==tests.test_review_transaction_storage_load:[145:152]
    )
    transition = FindingTransition(
        schema_name="ai-harness.review-finding-transition",  # type: ignore[arg-type]
        schema_version=1,  # type: ignore[arg-type]
        review_transaction_id=tx_id,
        finding_id=contract.id_for(finding),
        from_status="open", (duplicate-code)
tests/test_receipts_candidate.py:1:0: R0801: Similar lines in 2 files
==tests.test_review_transaction_storage_hardening:[376:383]
==tests.test_review_transaction_storage_load:[104:111]
    )
    transition = FindingTransition(
        schema_name="ai-harness.review-finding-transition",  # type: ignore[arg-type]
        schema_version=1,  # type: ignore[arg-type]
        review_transaction_id=tx_id,
        finding_id=contract.id_for(finding),
        from_status="open", (duplicate-code)
tests/test_receipts_candidate.py:1:0: R0801: Similar lines in 2 files
==tests.test_review_transaction_storage:[75:85]
==tests.test_review_transaction_storage_hardening:[50:57]
        schema_version=1,  # type: ignore[arg-type]
        change_name=CHANGE_NAME,
        candidate_id=CANDIDATE_BEFORE,
        lens_selection_id=contract.id_for(selection),
        scope_paths=("src",),
        loc_budget=20,
    )


def _make_finding(contract: ReviewContractV1, tx_id: ReviewTransactionId) -> Finding: (duplicate-code)
tests/test_receipts_candidate.py:1:0: R0801: Similar lines in 2 files
==tests.test_review_transaction_storage:[364:372]
==tests.test_review_transaction_storage_load:[256:263]
    payload = {
        "correction_fact_id": None,
        "finding_ids": [],
        "finding_transition_ids": [],
        "lens_selection_id": "sha256:" + "0" * 64,
        "review_transaction_id": "sha256:" + "0" * 64,
        "schema_name": REVIEW_TRANSACTION_ROOT_SCHEMA_NAME, (duplicate-code)
tests/test_receipts_candidate.py:1:0: R0801: Similar lines in 2 files
==tests.test_review_transaction_storage:[120:126]
==tests.test_review_transaction_storage_publish:[175:181]
    transition = FindingTransition(
        schema_name="ai-harness.review-finding-transition",  # type: ignore[arg-type]
        schema_version=1,  # type: ignore[arg-type]
        review_transaction_id=tx_id,
        finding_id=finding_id,
        from_status="open", (duplicate-code)
tests/test_receipts_candidate.py:1:0: R0801: Similar lines in 2 files
==tests.test_review_transaction_storage_hardening:[392:398]
==tests.test_review_transaction_storage_load:[113:119]
    )
    graph = ReviewTransactionGraph(
        lens_selection=selection,
        transaction=transaction,
        findings=(finding,),
        transitions=(transition,), (duplicate-code)
tests/test_receipts_candidate.py:1:0: R0801: Similar lines in 2 files
==tests.test_review_transaction_storage_hardening:[394:400]
==tests.test_review_transaction_storage_load:[156:171]
        lens_selection=selection,
        transaction=transaction,
        findings=(finding,),
        transitions=(transition,),
        correction_fact=None,
    ) (duplicate-code)
tests/test_receipts_candidate.py:1:0: R0801: Similar lines in 2 files
==tests.test_review_transaction_storage_hardening:[144:158]
==tests.test_review_transaction_storage_load:[269:282]
    with pytest.raises(ReviewTransactionStorageError) as exc:
        store.load(root_id)
    assert exc.value.code == CODE_INVALID


def test_load_rejects_symlinked_bundle_directory(store: ReviewTransactionStore, change_root: Path) -> None:
    """A bundle directory replaced with a symlink is rejected at lookup time."""

    import shutil

    contract = ReviewContractV1()
    graph, _ = _make_resolution_graph(contract)
    root_id = store.publish(graph)
 (duplicate-code)
tests/test_receipts_candidate.py:1:0: R0801: Similar lines in 2 files
==tests.test_review_transaction_storage_hardening:[261:273]
==tests.test_review_transaction_storage_load:[289:314]
    with pytest.raises(ReviewTransactionStorageError) as exc:
        store.load(root_id)
    assert exc.value.code == CODE_MISSING


def test_load_rejects_overwritten_object_file(store: ReviewTransactionStore, change_root: Path) -> None:
    """A bundle whose object.json is replaced with tampered bytes is rejected."""

    contract = ReviewContractV1()
    graph, ids = _make_resolution_graph(contract)
    root_id = store.publish(graph)
 (duplicate-code)
tests/test_receipts_candidate.py:1:0: R0801: Similar lines in 2 files
==tests.test_review_transaction_storage_hardening:[278:290]
==tests.test_review_transaction_storage_load:[343:371]
        encoding="utf-8",
    )

    with pytest.raises(ReviewTransactionStorageError) as exc:
        store.load(root_id)
    assert exc.value.code == CODE_INVALID


def test_load_rejects_overwritten_root(store: ReviewTransactionStore, change_root: Path) -> None:
    """A tampered root bundle with valid bytes but wrong digest fails closed."""

    contract = ReviewContractV1() (duplicate-code)
tests/test_receipts_candidate.py:1:0: R0801: Similar lines in 2 files
==tests.test_review_transaction_storage:[113:119]
==tests.test_review_transaction_storage_hardening:[75:81]
        candidate_after=CANDIDATE_AFTER,
        changed_paths=("src/a.py",),
        loc_added=1,
        loc_deleted=1,
        loc_actual=2,
    ) (duplicate-code)
tests/test_receipts_candidate.py:1:0: R0801: Similar lines in 2 files
==tests.test_review_transaction_storage:[401:407]
==tests.test_review_transaction_storage_load:[256:262]
    payload = {
        "correction_fact_id": None,
        "finding_ids": [],
        "finding_transition_ids": [],
        "lens_selection_id": "sha256:" + "0" * 64,
        "review_transaction_id": "sha256:" + "0" * 64, (duplicate-code)
tests/test_receipts_candidate.py:1:0: R0801: Similar lines in 2 files
==tests.test_review_transaction_storage:[513:519]
==tests.test_review_transaction_storage_load:[259:267]
        "finding_transition_ids": [],
        "lens_selection_id": "sha256:" + "0" * 64,
        "review_transaction_id": "sha256:" + "0" * 64,
        "schema_name": REVIEW_TRANSACTION_ROOT_SCHEMA_NAME,
        "schema_version": 1,
    } (duplicate-code)
tests/test_receipts_candidate.py:1:0: R0801: Similar lines in 2 files
==ai_harness.modules.harness.receipts:[428:433]
==ai_harness.modules.harness.review_transaction_storage:[520:525]
            bits: list[str] = []
            if missing:
                bits.append(f"missing={missing}")
            if extra:
                bits.append(f"unexpected={extra}") (duplicate-code)
tests/test_receipts_candidate.py:1:0: R0801: Similar lines in 2 files
==tests.test_review_transaction_storage_hardening:[57:62]
==tests.test_review_transaction_storage_publish:[528:536]
    tx_id = contract.id_for(transaction)

    # Construct a finding not bound to the transaction's required lens — this
    # is rejected at validate_transaction time.
    finding = Finding(
        schema_name="ai-harness.review-finding",  # type: ignore[arg-type]
        schema_version=1,  # type: ignore[arg-type]
        review_transaction_id=tx_id, (duplicate-code)
tests/test_receipts_candidate.py:1:0: R0801: Similar lines in 2 files
==tests.test_review_transaction_storage_hardening:[386:391]
==tests.test_review_transaction_storage_publish:[150:155]
    contract.validate_transaction(
        transaction,
        lens_selection=selection,
        findings=(finding,),
        transitions=(transition,), (duplicate-code)
tests/test_receipts_candidate.py:1:0: R0801: Similar lines in 2 files
==tests.test_review_transaction_storage:[58:74]
==tests.test_review_transaction_storage_publish:[47:63]
CHANGE_NAME: str = "test-change"
CANDIDATE_BEFORE: str = "sha256:" + ("c" * 64)
CANDIDATE_AFTER: str = "sha256:" + ("d" * 64)


# ---------------------------------------------------------------------------
# Helpers — build complete graphs under deterministic IDs
# ---------------------------------------------------------------------------


def _make_selection(contract: ReviewContractV1) -> LensSelection:
    return contract.select_lenses(policy=LENS_POLICY_NAME, risk_level="high")


def _make_transaction(contract: ReviewContractV1, selection: LensSelection) -> ReviewTransaction:
    return ReviewTransaction( (duplicate-code)
tests/test_receipts_candidate.py:1:0: R0801: Similar lines in 2 files
==tests.test_review_transaction_storage:[147:152]
==tests.test_review_transaction_storage_publish:[184:189]
    contract.validate_transaction(
        transaction,
        lens_selection=selection,
        findings=(finding,),
        transitions=(transition,), (duplicate-code)
tests/test_receipts_candidate.py:1:0: R0801: Similar lines in 2 files
==tests.test_review_transaction_storage_hardening:[166:176]
==tests.test_review_transaction_storage_load:[346:375]
    with pytest.raises(ReviewTransactionStorageError) as exc:
        store.load(root_id)
    assert exc.value.code == CODE_INVALID


def test_load_rejects_fifo_object_file(store: ReviewTransactionStore, change_root: Path) -> None:
    """A FIFO replacing ``object.json`` is detected and rejected."""

    contract = ReviewContractV1()
    graph, ids = _make_resolution_graph(contract) (duplicate-code)
tests/test_receipts_candidate.py:1:0: R0801: Similar lines in 2 files
==tests.test_review_transaction_storage_hardening:[289:295]
==tests.test_review_transaction_storage_load:[247:256]
    contract = ReviewContractV1()
    graph, _ = _make_resolution_graph(contract)
    root_id = store.publish(graph)

    digest = root_id.value.removeprefix("sha256:")
    target = change_root / ".receipts" / "review-transaction-roots" / "sha256" / digest / "object.json" (duplicate-code)

-------------------------------------------------------------------
Your code has been rated at 9.98/10 (previous run: 10.00/10, -0.02)

