============================= test session starts ==============================
platform linux -- Python 3.12.3, pytest-9.1.0, pluggy-1.6.0
rootdir: /home/diegoagd10/Projects/ai-harness
configfile: pyproject.toml
testpaths: tests
plugins: cov-7.1.0
collected 1284 items

tests/test_change.py ................................................    [  3%]
tests/test_change_approvals.py ......................                    [  5%]
tests/test_change_config.py ..................                           [  6%]
tests/test_change_continuation.py ........                               [  7%]
tests/test_change_flow_internals.py ...................................  [ 10%]
tests/test_change_slice_status.py ..................                     [ 11%]
tests/test_change_sliced_archive.py ........                             [ 12%]
tests/test_change_task_slice.py .....................                    [ 13%]
tests/test_commit_format_resolver.py .....                               [ 14%]
tests/test_init.py .................................                     [ 16%]
tests/test_install.py .................................................. [ 20%]
..................                                                       [ 22%]
tests/test_receipts_archive.py ..........                                [ 22%]
tests/test_receipts_candidate.py ..........                              [ 23%]
tests/test_receipts_cli.py .......                                       [ 24%]
tests/test_receipts_codec.py ...........                                 [ 25%]
tests/test_receipts_executor.py ...........                              [ 25%]
tests/test_receipts_routing.py ..                                        [ 26%]
tests/test_receipts_seal.py .......................                      [ 27%]
tests/test_receipts_store.py ........................                    [ 29%]
tests/test_receipts_verify.py ....................                       [ 31%]
tests/test_renderers.py ................................................ [ 35%]
........................................................................ [ 40%]
........................................................................ [ 46%]
.................................................................        [ 51%]
tests/test_review_bundle_store.py ........................               [ 53%]
tests/test_review_transaction_contract.py .............................. [ 55%]
........................................................................ [ 61%]
........................................................................ [ 66%]
........................................................................ [ 72%]
..............................                                           [ 74%]
tests/test_review_transaction_storage.py ............................... [ 77%]
.                                                                        [ 77%]
tests/test_review_transaction_storage_hardening.py .............         [ 78%]
tests/test_review_transaction_storage_load.py ...........                [ 79%]
tests/test_review_transaction_storage_publish.py ............            [ 79%]
tests/test_set_models.py ............................................... [ 83%]
........................................................................ [ 89%]
........................................................................ [ 94%]
.........                                                                [ 95%]
tests/test_tasks.py ................                                     [ 96%]
tests/test_worktree.py .........................................         [100%]

============================ 1284 passed in 15.11s =============================
